[20:22:24] [main/INFO]: Environment: authHost='https://authserver.mojang.com', accountsHost='https://api.mojang.com', sessionHost='https://sessionserver.mojang.com', servicesHost='https://api.minecraftservices.com', name='PROD'
[20:22:25] [main/WARN]: Ambiguity between arguments [teleport, destination] and [teleport, targets] with inputs: [Player, 0123, @e, dd12be42-52a9-4a91-a8a1-11c01849e498]
[20:22:25] [main/WARN]: Ambiguity between arguments [teleport, location] and [teleport, destination] with inputs: [0.1 -0.5 .9, 0 0 0]
[20:22:25] [main/WARN]: Ambiguity between arguments [teleport, location] and [teleport, targets] with inputs: [0.1 -0.5 .9, 0 0 0]
[20:22:25] [main/WARN]: Ambiguity between arguments [teleport, targets] and [teleport, destination] with inputs: [Player, 0123, dd12be42-52a9-4a91-a8a1-11c01849e498]
[20:22:25] [main/WARN]: Ambiguity between arguments [teleport, targets, location] and [teleport, targets, destination] with inputs: [0.1 -0.5 .9, 0 0 0]
[20:22:25] [main/INFO]: Reloading ResourceManager: Default
[20:22:26] [Worker-Main-7/INFO]: Loaded 7 recipes
[20:22:26] [Worker-Main-7/INFO]: Loaded 927 advancements
[20:22:28] [Server thread/INFO]: Starting minecraft server version 1.16.5
[20:22:28] [Server thread/INFO]: Loading properties
[20:22:28] [Server thread/INFO]: Default game type: SURVIVAL
[20:22:28] [Server thread/INFO]: Generating keypair
[20:22:28] [Server console handler/ERROR]: Exception handling console input
java.io.IOException: The handle is invalid
	at java.io.FileInputStream.readBytes(Native Method) ~[?:1.8.0_261]
	at java.io.FileInputStream.read(Unknown Source) ~[?:1.8.0_261]
	at java.io.BufferedInputStream.read1(Unknown Source) ~[?:1.8.0_261]
	at java.io.BufferedInputStream.read(Unknown Source) ~[?:1.8.0_261]
	at sun.nio.cs.StreamDecoder.readBytes(Unknown Source) ~[?:1.8.0_261]
	at sun.nio.cs.StreamDecoder.implRead(Unknown Source) ~[?:1.8.0_261]
	at sun.nio.cs.StreamDecoder.read(Unknown Source) ~[?:1.8.0_261]
	at java.io.InputStreamReader.read(Unknown Source) ~[?:1.8.0_261]
	at java.io.BufferedReader.fill(Unknown Source) ~[?:1.8.0_261]
	at java.io.BufferedReader.readLine(Unknown Source) ~[?:1.8.0_261]
	at java.io.BufferedReader.readLine(Unknown Source) ~[?:1.8.0_261]
	at zg$1.run(SourceFile:95) [server.jar:?]
[20:22:28] [Server thread/INFO]: Starting Minecraft server on *:25565
[20:22:28] [Server thread/INFO]: Using default channel type
[20:22:32] [Server thread/INFO]: Preparing level "world"
[20:22:33] [Server thread/INFO]: Preparing start region for dimension minecraft:overworld
[20:22:33] [Server thread/INFO]: Preparing spawn area: 0%
[20:22:33] [Server thread/INFO]: Preparing spawn area: 0%
[20:22:34] [Server thread/INFO]: Preparing spawn area: 0%
[20:22:36] [Worker-Main-10/INFO]: Preparing spawn area: 83%
[20:22:36] [Worker-Main-8/INFO]: Preparing spawn area: 83%
[20:22:36] [Worker-Main-8/INFO]: Preparing spawn area: 83%
[20:22:36] [Worker-Main-10/INFO]: Preparing spawn area: 83%
[20:22:36] [Server thread/INFO]: Preparing spawn area: 83%
[20:22:37] [Server thread/INFO]: Preparing spawn area: 99%
[20:22:37] [Server thread/INFO]: Time elapsed: 4029 ms
[20:22:37] [Server thread/INFO]: Done (4.111s)! For help, type "help"
